<?xml version="1.0" encoding="UTF-8"?>
<testng-results ignored="0" total="1" passed="1" failed="0" skipped="0">
  <reporter-output>
  </reporter-output>
  <suite started-at="2023-05-01T23:33:18 EDT" name="Default suite" finished-at="2023-05-01T23:33:31 EDT" duration-ms="13310">
    <groups>
      <group name="cucumber">
        <method signature="AbstractTestNGCucumberTests.runScenario(io.cucumber.testng.PickleEventWrapper,io.cucumber.testng.CucumberFeatureWrapper)[pri:0, instance:com.cucumber.test.CucumberRunner@6fdbe764]" name="runScenario" class="io.cucumber.testng.AbstractTestNGCucumberTests"/>
      </group> <!-- cucumber -->
    </groups>
    <test started-at="2023-05-01T23:33:18 EDT" name="Default test" finished-at="2023-05-01T23:33:31 EDT" duration-ms="13310">
      <class name="com.cucumber.test.CucumberRunner">
        <test-method is-config="true" signature="setUpClass()[pri:0, instance:com.cucumber.test.CucumberRunner@6fdbe764]" started-at="2023-05-01T23:33:18 EDT" name="setUpClass" finished-at="2023-05-01T23:33:18 EDT" duration-ms="93" status="PASS">
          <reporter-output>
          </reporter-output>
        </test-method> <!-- setUpClass -->
        <test-method signature="runScenario(io.cucumber.testng.PickleEventWrapper,io.cucumber.testng.CucumberFeatureWrapper)[pri:0, instance:com.cucumber.test.CucumberRunner@6fdbe764]" started-at="2023-05-01T23:33:18 EDT" name="runScenario" description="Runs Cucumber Scenarios" data-provider="scenarios" finished-at="2023-05-01T23:33:31 EDT" duration-ms="13105" status="PASS">
          <params>
            <param index="0">
              <value>
                <![CDATA["as a luma app user must able to successfully login the application with valid credintial"]]>
              </value>
            </param>
            <param index="1">
              <value>
                <![CDATA["Login function test"]]>
              </value>
            </param>
          </params>
          <reporter-output>
          </reporter-output>
        </test-method> <!-- runScenario -->
        <test-method is-config="true" signature="tearDownClass()[pri:0, instance:com.cucumber.test.CucumberRunner@6fdbe764]" started-at="2023-05-01T23:33:31 EDT" name="tearDownClass" finished-at="2023-05-01T23:33:31 EDT" duration-ms="22" status="PASS">
          <reporter-output>
          </reporter-output>
        </test-method> <!-- tearDownClass -->
      </class> <!-- com.cucumber.test.CucumberRunner -->
    </test> <!-- Default test -->
  </suite> <!-- Default suite -->
</testng-results>
